ftn -O0   -c dasum.f 
ftn -O0   -c daxpy.f 
ftn -O0   -c dbdsqr.f 
ftn -O0   -c dcabs1.f 
ftn -O0   -c dcopy.f 
ftn -O0   -c ddot.f 
ftn -O0   -c dgebak.f 
ftn -O0   -c dgebal.f 
ftn -O0   -c dgebd2.f 
ftn -O0   -c dgebrd.f 
ftn -O0   -c dgecon.f 
ftn -O0   -c dgeev.f 
ftn -O0   -c dgehd2.f 
ftn -O0   -c dgehrd.f 
ftn -O0   -c dgelq2.f 
ftn -O0   -c dgelqf.f 
ftn -O0   -c dgelss.f 
ftn -O0   -c dgemm.f 
ftn -O0   -c dgemv.f 
ftn -O0   -c dgeqr2.f 
ftn -O0   -c dgeqrf.f 
ftn -O0   -c dger.f 
ftn -O0   -c dgesvd.f 
ftn -O0   -c dgesv.f 
ftn -O0   -c dgetf2.f 
ftn -O0   -c dgetrf.f 
ftn -O0   -c dgetri.f 
ftn -O0   -c dgetrs.f 
ftn -O0   -c dhseqr.f 
ftn -O0   -c dlabad.f 
ftn -O0   -c dlabrd.f 
ftn -O0   -c dlacon.f 
ftn -O0   -c dlacpy.f 
ftn -O0   -c dladiv.f 
ftn -O0   -c dlae2.f 
ftn -O0   -c dlaev2.f 
ftn -O0   -c dlahqr.f 
ftn -O0   -c dlahrd.f 
ftn -O0   -c dlaln2.f 
ftn -O0   -c dlamch.f 
ftn -O0   -c dlange.f 
ftn -O0   -c dlanhs.f 
ftn -O0   -c dlanst.f 
ftn -O0   -c dlansy.f 
ftn -O0   -c dlanv2.f 
ftn -O0   -c dlapy2.f 
ftn -O0   -c dlarfb.f 
ftn -O0   -c dlarf.f 
ftn -O0   -c dlarfg.f 
ftn -O0   -c dlarft.f 
ftn -O0   -c dlarfx.f 
ftn -O0   -c dlartg.f 
ftn -O0   -c dlas2.f 
ftn -O0   -c dlascl.f 
ftn -O0   -c dlaset.f 
ftn -O0   -c dlasq1.f 
ftn -O0   -c dlasq2.f 
ftn -O0   -c dlasq3.f 
ftn -O0   -c dlasq4.f 
ftn -O0   -c dlasq5.f 
ftn -O0   -c dlasq6.f 
ftn -O0   -c dlasr.f 
ftn -O0   -c dlasrt.f 
ftn -O0   -c dlassq.f 
ftn -O0   -c dlasv2.f 
ftn -O0   -c dlaswp.f 
ftn -O0   -c dlatrd.f 
ftn -O0   -c dlatrs.f 
ftn -O0   -c dnrm2.f 
ftn -O0   -c dorg2l.f 
ftn -O0   -c dorg2r.f 
ftn -O0   -c dorgbr.f 
ftn -O0   -c dorghr.f 
ftn -O0   -c dorgl2.f 
ftn -O0   -c dorglq.f 
ftn -O0   -c dorgql.f 
ftn -O0   -c dorgqr.f 
ftn -O0   -c dorgtr.f 
ftn -O0   -c dorm2r.f 
ftn -O0   -c dormbr.f 
ftn -O0   -c dorml2.f 
ftn -O0   -c dormlq.f 
ftn -O0   -c dormqr.f 
ftn -O0   -c dpbtf2.f 
ftn -O0   -c dpbtrf.f 
ftn -O0   -c dpbtrs.f 
ftn -O0   -c dposv.f 
ftn -O0   -c dpotf2.f 
ftn -O0   -c dpotrf.f 
ftn -O0   -c dpotrs.f 
ftn -O0   -c drot.f 
ftn -O0   -c drscl.f 
ftn -O0   -c dscal.f 
ftn -O0   -c dsteqr.f 
ftn -O0   -c dsterf.f 
ftn -O0   -c dstev.f 
ftn -O0   -c dswap.f 
ftn -O0   -c dsyev.f 
ftn -O0   -c dsygs2.f 
ftn -O0   -c dsygst.f 
ftn -O0   -c dsygv.f 
ftn -O0   -c dsymm.f 
ftn -O0   -c dsymv.f 
ftn -O0   -c dsyr2.f 
ftn -O0   -c dsyr2k.f 
ftn -O0   -c dsyr.f 
ftn -O0   -c dsyrfs.f 
ftn -O0   -c dsyrk.f 
ftn -O0   -c dsytd2.f 
ftn -O0   -c dsytrd.f 
ftn -O0   -c dtbsv.f 
ftn -O0   -c dtrevc.f 
ftn -O0   -c dtrmm.f 
ftn -O0   -c dtrmv.f 
ftn -O0   -c dtrsm.f 
ftn -O0   -c dtrsv.f 
ftn -O0   -c dtrti2.f 
ftn -O0   -c dtrtri.f 
ftn -O0   -c dzasum.f 
ftn -O0   -c dzsum1.f 
ftn -O0   -c idamax.f 
ftn -O0   -c ieeeck.f 
ftn -O0   -c ilaenv.f 
ftn -O0   -c izamax.f 
ftn -O0   -c izmax1.f 
ftn -O0   -c lsame.f 
ftn -O0   -c xerbla.f 
ftn -O0   -c zaxpy.f 
ftn -O0   -c zcopy.f 
ftn -O0   -c zdotc.f 
ftn -O0   -c zdotu.f 
ftn -O0   -c zdrscl.f 
ftn -O0   -c zdscal.f 
ftn -O0   -c zgecon.f 
ftn -O0   -c zgemm.f 
ftn -O0   -c zgeru.f 
ftn -O0   -c zgetf2.f 
ftn -O0   -c zgetrf.f 
ftn -O0   -c zlacon.f 
ftn -O0   -c zladiv.f 
ftn -O0   -c zlaswp.f 
ftn -O0   -c zlatrs.f 
ftn -O0   -c zscal.f 
ftn -O0   -c zswap.f 
ftn -O0   -c ztrsm.f 
ftn -O0   -c ztrsv.f 
ar -cr libblasLapack.a *.o
gslib-1.0.4/.travis.yml
gslib-1.0.4/LICENSE
gslib-1.0.4/Makefile
gslib-1.0.4/README.md
gslib-1.0.4/RELEASE.md
gslib-1.0.4/src/
gslib-1.0.4/src/c99.h
gslib-1.0.4/src/comm.c
gslib-1.0.4/src/comm.h
gslib-1.0.4/src/crystal.c
gslib-1.0.4/src/crystal.h
gslib-1.0.4/src/fail.c
gslib-1.0.4/src/fail.h
gslib-1.0.4/src/fcrystal.c
gslib-1.0.4/src/findpts.c
gslib-1.0.4/src/findpts.h
gslib-1.0.4/src/findpts_el.h
gslib-1.0.4/src/findpts_el_2.c
gslib-1.0.4/src/findpts_el_3.c
gslib-1.0.4/src/findpts_imp.h
gslib-1.0.4/src/findpts_local.c
gslib-1.0.4/src/findpts_local.h
gslib-1.0.4/src/findpts_local_imp.h
gslib-1.0.4/src/gen_poly_imp.c
gslib-1.0.4/src/gs.c
gslib-1.0.4/src/gs.h
gslib-1.0.4/src/gs_defs.h
gslib-1.0.4/src/gs_local.c
gslib-1.0.4/src/gs_local.h
gslib-1.0.4/src/gslib.h
gslib-1.0.4/src/lob_bnd.c
gslib-1.0.4/src/lob_bnd.h
gslib-1.0.4/src/mem.h
gslib-1.0.4/src/name.h
gslib-1.0.4/src/obbox.c
gslib-1.0.4/src/obbox.h
gslib-1.0.4/src/poly.c
gslib-1.0.4/src/poly.h
gslib-1.0.4/src/poly_imp.h
gslib-1.0.4/src/sarray_sort.c
gslib-1.0.4/src/sarray_sort.h
gslib-1.0.4/src/sarray_transfer.c
gslib-1.0.4/src/sarray_transfer.h
gslib-1.0.4/src/sort.c
gslib-1.0.4/src/sort.h
gslib-1.0.4/src/sort_imp.h
gslib-1.0.4/src/tensor.c
gslib-1.0.4/src/tensor.h
gslib-1.0.4/src/types.h
gslib-1.0.4/tests/
gslib-1.0.4/tests/comm_test.c
gslib-1.0.4/tests/crystal_test.c
gslib-1.0.4/tests/findpts_el_2_test.c
gslib-1.0.4/tests/findpts_el_2_test2.c
gslib-1.0.4/tests/findpts_el_3_test.c
gslib-1.0.4/tests/findpts_el_3_test2.c
gslib-1.0.4/tests/findpts_local_test.c
gslib-1.0.4/tests/findpts_test.c
gslib-1.0.4/tests/fortran/
gslib-1.0.4/tests/fortran/f-igs.f
gslib-1.0.4/tests/gs_test.c
gslib-1.0.4/tests/gs_test_gop_blocking.c
gslib-1.0.4/tests/gs_test_gop_nonblocking.c
gslib-1.0.4/tests/gs_unique_test.c
gslib-1.0.4/tests/lob_bnd_test.c
gslib-1.0.4/tests/obbox_test.c
gslib-1.0.4/tests/poly_test.c
gslib-1.0.4/tests/rand_elt_test.h
gslib-1.0.4/tests/run_tests.sh
gslib-1.0.4/tests/sarray_sort_test.c
gslib-1.0.4/tests/sarray_transfer_test.c
gslib-1.0.4/tests/sort_test.c
gslib-1.0.4/tests/sort_test2.c
+ make -j4 DESTDIR=.. MPI=1 MPIIO=1 ADDUS=1 USREXIT=0 BLAS=2
cc -O2  -I./src  -DMPI -DUNDERSCORE -DGLOBAL_LONG_LONG -DPREFIX=gslib_ -DFPREFIX=fgslib_ -c src/gs.c -o src/gs.o
cc -O2  -I./src  -DMPI -DUNDERSCORE -DGLOBAL_LONG_LONG -DPREFIX=gslib_ -DFPREFIX=fgslib_ -c src/sort.c -o src/sort.o
cc -O2  -I./src  -DMPI -DUNDERSCORE -DGLOBAL_LONG_LONG -DPREFIX=gslib_ -DFPREFIX=fgslib_ -c src/sarray_transfer.c -o src/sarray_transfer.o
cc -O2  -I./src  -DMPI -DUNDERSCORE -DGLOBAL_LONG_LONG -DPREFIX=gslib_ -DFPREFIX=fgslib_ -c src/sarray_sort.c -o src/sarray_sort.o
cc -O2  -I./src  -DMPI -DUNDERSCORE -DGLOBAL_LONG_LONG -DPREFIX=gslib_ -DFPREFIX=fgslib_ -c src/gs_local.c -o src/gs_local.o
cc -O2  -I./src  -DMPI -DUNDERSCORE -DGLOBAL_LONG_LONG -DPREFIX=gslib_ -DFPREFIX=fgslib_ -c src/fail.c -o src/fail.o
cc -O2  -I./src  -DMPI -DUNDERSCORE -DGLOBAL_LONG_LONG -DPREFIX=gslib_ -DFPREFIX=fgslib_ -c src/crystal.c -o src/crystal.o
cc -O2  -I./src  -DMPI -DUNDERSCORE -DGLOBAL_LONG_LONG -DPREFIX=gslib_ -DFPREFIX=fgslib_ -c src/comm.c -o src/comm.o
cc -O2  -I./src  -DMPI -DUNDERSCORE -DGLOBAL_LONG_LONG -DPREFIX=gslib_ -DFPREFIX=fgslib_ -c src/tensor.c -o src/tensor.o
cc -O2  -I./src  -DMPI -DUNDERSCORE -DGLOBAL_LONG_LONG -DPREFIX=gslib_ -DFPREFIX=fgslib_ -c src/fcrystal.c -o src/fcrystal.o
cc -O2  -I./src  -DMPI -DUNDERSCORE -DGLOBAL_LONG_LONG -DPREFIX=gslib_ -DFPREFIX=fgslib_ -c src/findpts.c -o src/findpts.o
cc -O2  -I./src  -DMPI -DUNDERSCORE -DGLOBAL_LONG_LONG -DPREFIX=gslib_ -DFPREFIX=fgslib_ -c src/findpts_local.c -o src/findpts_local.o
cc -O2  -I./src  -DMPI -DUNDERSCORE -DGLOBAL_LONG_LONG -DPREFIX=gslib_ -DFPREFIX=fgslib_ -c src/obbox.c -o src/obbox.o
cc -O2  -I./src  -DMPI -DUNDERSCORE -DGLOBAL_LONG_LONG -DPREFIX=gslib_ -DFPREFIX=fgslib_ -c src/poly.c -o src/poly.o
cc -O2  -I./src  -DMPI -DUNDERSCORE -DGLOBAL_LONG_LONG -DPREFIX=gslib_ -DFPREFIX=fgslib_ -c src/lob_bnd.c -o src/lob_bnd.o
cc -O2  -I./src  -DMPI -DUNDERSCORE -DGLOBAL_LONG_LONG -DPREFIX=gslib_ -DFPREFIX=fgslib_ -c src/findpts_el_3.c -o src/findpts_el_3.o
cc -O2  -I./src  -DMPI -DUNDERSCORE -DGLOBAL_LONG_LONG -DPREFIX=gslib_ -DFPREFIX=fgslib_ -c src/findpts_el_2.c -o src/findpts_el_2.o
`./src/libgs.a' -> `../lib/libgs.a'
+ set +x
ftn -c  -O2 -Mpreprocess -r8   -DMPI -DUNDERSCORE -DGLOBAL_LONG_LONG -DTIMER -I/projects/sciteam/bahg/Nek5000/run/bw-qchannel -I/projects/sciteam/bahg/Nek5000/core -I./ -I /projects/sciteam/bahg/Nek5000/core/experimental /projects/sciteam/bahg/Nek5000/core/drive1.f -o obj/drive1.o
ftn -c  -O2 -Mpreprocess -r8   -DMPI -DUNDERSCORE -DGLOBAL_LONG_LONG -DTIMER -I/projects/sciteam/bahg/Nek5000/run/bw-qchannel -I/projects/sciteam/bahg/Nek5000/core -I./ -I /projects/sciteam/bahg/Nek5000/core/experimental /projects/sciteam/bahg/Nek5000/core/drive2.f -o obj/drive2.o
ftn -c  -O2 -Mpreprocess -r8   -DMPI -DUNDERSCORE -DGLOBAL_LONG_LONG -DTIMER -I/projects/sciteam/bahg/Nek5000/run/bw-qchannel -I/projects/sciteam/bahg/Nek5000/core -I./ -I /projects/sciteam/bahg/Nek5000/core/experimental /projects/sciteam/bahg/Nek5000/core/plan5.f -o obj/plan5.o
ftn -c  -O2 -Mpreprocess -r8   -DMPI -DUNDERSCORE -DGLOBAL_LONG_LONG -DTIMER -I/projects/sciteam/bahg/Nek5000/run/bw-qchannel -I/projects/sciteam/bahg/Nek5000/core -I./ -I /projects/sciteam/bahg/Nek5000/core/experimental /projects/sciteam/bahg/Nek5000/core/plan4.f -o obj/plan4.o
ftn -c  -O2 -Mpreprocess -r8   -DMPI -DUNDERSCORE -DGLOBAL_LONG_LONG -DTIMER -I/projects/sciteam/bahg/Nek5000/run/bw-qchannel -I/projects/sciteam/bahg/Nek5000/core -I./ -I /projects/sciteam/bahg/Nek5000/core/experimental /projects/sciteam/bahg/Nek5000/core/bdry.f -o obj/bdry.o
ftn -c  -O2 -Mpreprocess -r8   -DMPI -DUNDERSCORE -DGLOBAL_LONG_LONG -DTIMER -I/projects/sciteam/bahg/Nek5000/run/bw-qchannel -I/projects/sciteam/bahg/Nek5000/core -I./ -I /projects/sciteam/bahg/Nek5000/core/experimental /projects/sciteam/bahg/Nek5000/core/coef.f -o obj/coef.o
ftn -c  -O2 -Mpreprocess -r8   -DMPI -DUNDERSCORE -DGLOBAL_LONG_LONG -DTIMER -I/projects/sciteam/bahg/Nek5000/run/bw-qchannel -I/projects/sciteam/bahg/Nek5000/core -I./ -I /projects/sciteam/bahg/Nek5000/core/experimental /projects/sciteam/bahg/Nek5000/core/conduct.f -o obj/conduct.o
ftn -c  -O2 -Mpreprocess -r8   -DMPI -DUNDERSCORE -DGLOBAL_LONG_LONG -DTIMER -I/projects/sciteam/bahg/Nek5000/run/bw-qchannel -I/projects/sciteam/bahg/Nek5000/core -I./ -I /projects/sciteam/bahg/Nek5000/core/experimental /projects/sciteam/bahg/Nek5000/core/connect1.f -o obj/connect1.o
PGF90-W-0155-The type of FLOAT is now double precision with -r8  (/projects/sciteam/bahg/Nek5000/core/connect1.f: 740)
  0 inform,   1 warnings,   0 severes, 0 fatal for genxyzl
ftn -c  -O2 -Mpreprocess -r8   -DMPI -DUNDERSCORE -DGLOBAL_LONG_LONG -DTIMER -I/projects/sciteam/bahg/Nek5000/run/bw-qchannel -I/projects/sciteam/bahg/Nek5000/core -I./ -I /projects/sciteam/bahg/Nek5000/core/experimental /projects/sciteam/bahg/Nek5000/core/connect2.f -o obj/connect2.o
ftn -c  -O2 -Mpreprocess -r8   -DMPI -DUNDERSCORE -DGLOBAL_LONG_LONG -DTIMER -I/projects/sciteam/bahg/Nek5000/run/bw-qchannel -I/projects/sciteam/bahg/Nek5000/core -I./ -I /projects/sciteam/bahg/Nek5000/core/experimental /projects/sciteam/bahg/Nek5000/core/dssum.f -o obj/dssum.o
ftn -c  -O2 -Mpreprocess -r8   -DMPI -DUNDERSCORE -DGLOBAL_LONG_LONG -DTIMER -I/projects/sciteam/bahg/Nek5000/run/bw-qchannel -I/projects/sciteam/bahg/Nek5000/core -I./ -I /projects/sciteam/bahg/Nek5000/core/experimental /projects/sciteam/bahg/Nek5000/core/edgec.f -o obj/edgec.o
ftn -c  -O2 -Mpreprocess -r8   -DMPI -DUNDERSCORE -DGLOBAL_LONG_LONG -DTIMER -I/projects/sciteam/bahg/Nek5000/run/bw-qchannel -I/projects/sciteam/bahg/Nek5000/core -I./ -I /projects/sciteam/bahg/Nek5000/core/experimental /projects/sciteam/bahg/Nek5000/core/eigsolv.f -o obj/eigsolv.o
ftn -c  -O2 -Mpreprocess -r8   -DMPI -DUNDERSCORE -DGLOBAL_LONG_LONG -DTIMER -I/projects/sciteam/bahg/Nek5000/run/bw-qchannel -I/projects/sciteam/bahg/Nek5000/core -I./ -I /projects/sciteam/bahg/Nek5000/core/experimental /projects/sciteam/bahg/Nek5000/core/gauss.f -o obj/gauss.o
ftn -c  -O2 -Mpreprocess -r8   -DMPI -DUNDERSCORE -DGLOBAL_LONG_LONG -DTIMER -I/projects/sciteam/bahg/Nek5000/run/bw-qchannel -I/projects/sciteam/bahg/Nek5000/core -I./ -I /projects/sciteam/bahg/Nek5000/core/experimental /projects/sciteam/bahg/Nek5000/core/genxyz.f -o obj/genxyz.o
ftn -c  -O2 -Mpreprocess -r8   -DMPI -DUNDERSCORE -DGLOBAL_LONG_LONG -DTIMER -I/projects/sciteam/bahg/Nek5000/run/bw-qchannel -I/projects/sciteam/bahg/Nek5000/core -I./ -I /projects/sciteam/bahg/Nek5000/core/experimental /projects/sciteam/bahg/Nek5000/core/navier1.f -o obj/navier1.o
ftn -c  -O2 -Mpreprocess -r8   -DMPI -DUNDERSCORE -DGLOBAL_LONG_LONG -DTIMER -I/projects/sciteam/bahg/Nek5000/run/bw-qchannel -I/projects/sciteam/bahg/Nek5000/core -I./ -I /projects/sciteam/bahg/Nek5000/core/experimental /projects/sciteam/bahg/Nek5000/core/makeq.f -o obj/makeq.o
ftn -c  -O2 -Mpreprocess -r8   -DMPI -DUNDERSCORE -DGLOBAL_LONG_LONG -DTIMER -I/projects/sciteam/bahg/Nek5000/run/bw-qchannel -I/projects/sciteam/bahg/Nek5000/core -I./ -I /projects/sciteam/bahg/Nek5000/core/experimental /projects/sciteam/bahg/Nek5000/core/navier0.f -o obj/navier0.o
ftn -c  -O2 -Mpreprocess -r8   -DMPI -DUNDERSCORE -DGLOBAL_LONG_LONG -DTIMER -I/projects/sciteam/bahg/Nek5000/run/bw-qchannel -I/projects/sciteam/bahg/Nek5000/core -I./ -I /projects/sciteam/bahg/Nek5000/core/experimental /projects/sciteam/bahg/Nek5000/core/navier2.f -o obj/navier2.o
ftn -c  -O2 -Mpreprocess -r8   -DMPI -DUNDERSCORE -DGLOBAL_LONG_LONG -DTIMER -I/projects/sciteam/bahg/Nek5000/run/bw-qchannel -I/projects/sciteam/bahg/Nek5000/core -I./ -I /projects/sciteam/bahg/Nek5000/core/experimental /projects/sciteam/bahg/Nek5000/core/navier3.f -o obj/navier3.o
ftn -c  -O2 -Mpreprocess -r8   -DMPI -DUNDERSCORE -DGLOBAL_LONG_LONG -DTIMER -I/projects/sciteam/bahg/Nek5000/run/bw-qchannel -I/projects/sciteam/bahg/Nek5000/core -I./ -I /projects/sciteam/bahg/Nek5000/core/experimental /projects/sciteam/bahg/Nek5000/core/navier4.f -o obj/navier4.o
ftn -c  -O2 -Mpreprocess -r8   -DMPI -DUNDERSCORE -DGLOBAL_LONG_LONG -DTIMER -I/projects/sciteam/bahg/Nek5000/run/bw-qchannel -I/projects/sciteam/bahg/Nek5000/core -I./ -I /projects/sciteam/bahg/Nek5000/core/experimental /projects/sciteam/bahg/Nek5000/core/prepost.f -o obj/prepost.o
ftn -c  -O2 -Mpreprocess -r8   -DMPI -DUNDERSCORE -DGLOBAL_LONG_LONG -DTIMER -I/projects/sciteam/bahg/Nek5000/run/bw-qchannel -I/projects/sciteam/bahg/Nek5000/core -I./ -I /projects/sciteam/bahg/Nek5000/core/experimental /projects/sciteam/bahg/Nek5000/core/speclib.f -o obj/speclib.o
ftn -c  -O2 -Mpreprocess -r8   -DMPI -DUNDERSCORE -DGLOBAL_LONG_LONG -DTIMER -I/projects/sciteam/bahg/Nek5000/run/bw-qchannel -I/projects/sciteam/bahg/Nek5000/core -I./ -I /projects/sciteam/bahg/Nek5000/core/experimental /projects/sciteam/bahg/Nek5000/core/map2.f -o obj/map2.o
ftn -c  -O2 -Mpreprocess -r8   -DMPI -DUNDERSCORE -DGLOBAL_LONG_LONG -DTIMER -I/projects/sciteam/bahg/Nek5000/run/bw-qchannel -I/projects/sciteam/bahg/Nek5000/core -I./ -I /projects/sciteam/bahg/Nek5000/core/experimental /projects/sciteam/bahg/Nek5000/core/mvmesh.f -o obj/mvmesh.o
ftn -c  -O2 -Mpreprocess -r8   -DMPI -DUNDERSCORE -DGLOBAL_LONG_LONG -DTIMER -I/projects/sciteam/bahg/Nek5000/run/bw-qchannel -I/projects/sciteam/bahg/Nek5000/core -I./ -I /projects/sciteam/bahg/Nek5000/core/experimental /projects/sciteam/bahg/Nek5000/core/ic.f -o obj/ic.o
ftn -c  -O2 -Mpreprocess -r8   -DMPI -DUNDERSCORE -DGLOBAL_LONG_LONG -DTIMER -I/projects/sciteam/bahg/Nek5000/run/bw-qchannel -I/projects/sciteam/bahg/Nek5000/core -I./ -I /projects/sciteam/bahg/Nek5000/core/experimental /projects/sciteam/bahg/Nek5000/core/gfldr.f -o obj/gfldr.o
ftn -c  -O2 -Mpreprocess -r8   -DMPI -DUNDERSCORE -DGLOBAL_LONG_LONG -DTIMER -I/projects/sciteam/bahg/Nek5000/run/bw-qchannel -I/projects/sciteam/bahg/Nek5000/core -I./ -I /projects/sciteam/bahg/Nek5000/core/experimental /projects/sciteam/bahg/Nek5000/core/ssolv.f -o obj/ssolv.o
ftn -c  -O2 -Mpreprocess -r8   -DMPI -DUNDERSCORE -DGLOBAL_LONG_LONG -DTIMER -I/projects/sciteam/bahg/Nek5000/run/bw-qchannel -I/projects/sciteam/bahg/Nek5000/core -I./ -I /projects/sciteam/bahg/Nek5000/core/experimental /projects/sciteam/bahg/Nek5000/core/planx.f -o obj/planx.o
ftn -c  -O3 -Mpreprocess -r8   -DMPI -DUNDERSCORE -DGLOBAL_LONG_LONG -DTIMER -I/projects/sciteam/bahg/Nek5000/run/bw-qchannel -I/projects/sciteam/bahg/Nek5000/core -I./ -I /projects/sciteam/bahg/Nek5000/core/experimental /projects/sciteam/bahg/Nek5000/core/math.f -o obj/math.o
ftn -c  -O2 -Mpreprocess -r8   -DMPI -DUNDERSCORE -DGLOBAL_LONG_LONG -DTIMER -I/projects/sciteam/bahg/Nek5000/run/bw-qchannel -I/projects/sciteam/bahg/Nek5000/core -I./ -I /projects/sciteam/bahg/Nek5000/core/experimental /projects/sciteam/bahg/Nek5000/core/mxm_wrapper.f -o obj/mxm_wrapper.o 
ftn -c  -O2 -Mpreprocess -r8   -DMPI -DUNDERSCORE -DGLOBAL_LONG_LONG -DTIMER -I/projects/sciteam/bahg/Nek5000/run/bw-qchannel -I/projects/sciteam/bahg/Nek5000/core -I./ -I /projects/sciteam/bahg/Nek5000/core/experimental /projects/sciteam/bahg/Nek5000/core/hmholtz.f -o obj/hmholtz.o
ftn -c  -O2 -Mpreprocess -r8   -DMPI -DUNDERSCORE -DGLOBAL_LONG_LONG -DTIMER -I/projects/sciteam/bahg/Nek5000/run/bw-qchannel -I/projects/sciteam/bahg/Nek5000/core -I./ -I /projects/sciteam/bahg/Nek5000/core/experimental /projects/sciteam/bahg/Nek5000/core/subs1.f -o obj/subs1.o
ftn -c  -O2 -Mpreprocess -r8   -DMPI -DUNDERSCORE -DGLOBAL_LONG_LONG -DTIMER -I/projects/sciteam/bahg/Nek5000/run/bw-qchannel -I/projects/sciteam/bahg/Nek5000/core -I./ -I /projects/sciteam/bahg/Nek5000/core/experimental /projects/sciteam/bahg/Nek5000/core/subs2.f -o obj/subs2.o
ftn -c  -O2 -Mpreprocess -r8   -DMPI -DUNDERSCORE -DGLOBAL_LONG_LONG -DTIMER -I/projects/sciteam/bahg/Nek5000/run/bw-qchannel -I/projects/sciteam/bahg/Nek5000/core -I./ -I /projects/sciteam/bahg/Nek5000/core/experimental /projects/sciteam/bahg/Nek5000/core/gmres.f -o obj/gmres.o
ftn -c  -O2 -Mpreprocess -r8   -DMPI -DUNDERSCORE -DGLOBAL_LONG_LONG -DTIMER -I/projects/sciteam/bahg/Nek5000/run/bw-qchannel -I/projects/sciteam/bahg/Nek5000/core -I./ -I /projects/sciteam/bahg/Nek5000/core/experimental /projects/sciteam/bahg/Nek5000/core/hsmg.f -o obj/hsmg.o
ftn -c  -O2 -Mpreprocess -r8   -DMPI -DUNDERSCORE -DGLOBAL_LONG_LONG -DTIMER -I/projects/sciteam/bahg/Nek5000/run/bw-qchannel -I/projects/sciteam/bahg/Nek5000/core -I./ -I /projects/sciteam/bahg/Nek5000/core/experimental /projects/sciteam/bahg/Nek5000/core/convect.f -o obj/convect.o
ftn -c  -O0 -Mpreprocess -r8   -DMPI -DUNDERSCORE -DGLOBAL_LONG_LONG -DTIMER -I/projects/sciteam/bahg/Nek5000/run/bw-qchannel -I/projects/sciteam/bahg/Nek5000/core -I./ -I /projects/sciteam/bahg/Nek5000/core/experimental  /projects/sciteam/bahg/Nek5000/core/convect2.f -o obj/convect2.o
ftn -c  -O2 -Mpreprocess -r8   -DMPI -DUNDERSCORE -DGLOBAL_LONG_LONG -DTIMER -I/projects/sciteam/bahg/Nek5000/run/bw-qchannel -I/projects/sciteam/bahg/Nek5000/core -I./ -I /projects/sciteam/bahg/Nek5000/core/experimental /projects/sciteam/bahg/Nek5000/core/induct.f -o obj/induct.o
ftn -c  -O2 -Mpreprocess -r8   -DMPI -DUNDERSCORE -DGLOBAL_LONG_LONG -DTIMER -I/projects/sciteam/bahg/Nek5000/run/bw-qchannel -I/projects/sciteam/bahg/Nek5000/core -I./ -I /projects/sciteam/bahg/Nek5000/core/experimental /projects/sciteam/bahg/Nek5000/core/perturb.f -o obj/perturb.o
ftn -c  -O2 -Mpreprocess -r8   -DMPI -DUNDERSCORE -DGLOBAL_LONG_LONG -DTIMER -I/projects/sciteam/bahg/Nek5000/run/bw-qchannel -I/projects/sciteam/bahg/Nek5000/core -I./ -I /projects/sciteam/bahg/Nek5000/core/experimental /projects/sciteam/bahg/Nek5000/core/navier5.f -o obj/navier5.o
ftn -c  -O2 -Mpreprocess -r8   -DMPI -DUNDERSCORE -DGLOBAL_LONG_LONG -DTIMER -I/projects/sciteam/bahg/Nek5000/run/bw-qchannel -I/projects/sciteam/bahg/Nek5000/core -I./ -I /projects/sciteam/bahg/Nek5000/core/experimental /projects/sciteam/bahg/Nek5000/core/navier6.f -o obj/navier6.o
ftn -c  -O2 -Mpreprocess -r8   -DMPI -DUNDERSCORE -DGLOBAL_LONG_LONG -DTIMER -I/projects/sciteam/bahg/Nek5000/run/bw-qchannel -I/projects/sciteam/bahg/Nek5000/core -I./ -I /projects/sciteam/bahg/Nek5000/core/experimental /projects/sciteam/bahg/Nek5000/core/navier7.f -o obj/navier7.o
ftn -c  -O2 -Mpreprocess -r8   -DMPI -DUNDERSCORE -DGLOBAL_LONG_LONG -DTIMER -I/projects/sciteam/bahg/Nek5000/run/bw-qchannel -I/projects/sciteam/bahg/Nek5000/core -I./ -I /projects/sciteam/bahg/Nek5000/core/experimental /projects/sciteam/bahg/Nek5000/core/navier8.f -o obj/navier8.o
ftn -c  -O2 -Mpreprocess -r8   -DMPI -DUNDERSCORE -DGLOBAL_LONG_LONG -DTIMER -I/projects/sciteam/bahg/Nek5000/run/bw-qchannel -I/projects/sciteam/bahg/Nek5000/core -I./ -I /projects/sciteam/bahg/Nek5000/core/experimental /projects/sciteam/bahg/Nek5000/core/fast3d.f -o obj/fast3d.o
ftn -c  -O2 -Mpreprocess -r8   -DMPI -DUNDERSCORE -DGLOBAL_LONG_LONG -DTIMER -I/projects/sciteam/bahg/Nek5000/run/bw-qchannel -I/projects/sciteam/bahg/Nek5000/core -I./ -I /projects/sciteam/bahg/Nek5000/core/experimental /projects/sciteam/bahg/Nek5000/core/fasts.f -o obj/fasts.o
ftn -c  -O2 -Mpreprocess -r8   -DMPI -DUNDERSCORE -DGLOBAL_LONG_LONG -DTIMER -I/projects/sciteam/bahg/Nek5000/run/bw-qchannel -I/projects/sciteam/bahg/Nek5000/core -I./ -I /projects/sciteam/bahg/Nek5000/core/experimental /projects/sciteam/bahg/Nek5000/core/calcz.f -o obj/calcz.o
cc -c  -O2  -DMPI -DUNDERSCORE -DGLOBAL_LONG_LONG -DTIMER -I/projects/sciteam/bahg/Nek5000/core -I./ -I /projects/sciteam/bahg/Nek5000/core/experimental /projects/sciteam/bahg/Nek5000/core/byte.c -o obj/byte.o
cc -c  -O2  -DMPI -DUNDERSCORE -DGLOBAL_LONG_LONG -DTIMER -I/projects/sciteam/bahg/Nek5000/core -I./ -I /projects/sciteam/bahg/Nek5000/core/experimental /projects/sciteam/bahg/Nek5000/core/chelpers.c -o obj/chelpers.o
ftn -c  -O2 -Mpreprocess -r8   -DMPI -DUNDERSCORE -DGLOBAL_LONG_LONG -DTIMER -I/projects/sciteam/bahg/Nek5000/run/bw-qchannel -I/projects/sciteam/bahg/Nek5000/core -I./ -I /projects/sciteam/bahg/Nek5000/core/experimental /projects/sciteam/bahg/Nek5000/core/byte_mpi.f -o obj/byte_mpi.o
ftn -c  -O2 -Mpreprocess -r8   -DMPI -DUNDERSCORE -DGLOBAL_LONG_LONG -DTIMER -I/projects/sciteam/bahg/Nek5000/run/bw-qchannel -I/projects/sciteam/bahg/Nek5000/core -I./ -I /projects/sciteam/bahg/Nek5000/core/experimental /projects/sciteam/bahg/Nek5000/core/postpro.f -o obj/postpro.o
ftn -c  -O2 -Mpreprocess -r8   -DMPI -DUNDERSCORE -DGLOBAL_LONG_LONG -DTIMER -I/projects/sciteam/bahg/Nek5000/run/bw-qchannel -I/projects/sciteam/bahg/Nek5000/core -I./ -I /projects/sciteam/bahg/Nek5000/core/experimental /projects/sciteam/bahg/Nek5000/core/interp.f -o obj/interp.o
ftn -c  -O2 -Mpreprocess -r8   -DMPI -DUNDERSCORE -DGLOBAL_LONG_LONG -DTIMER -I/projects/sciteam/bahg/Nek5000/run/bw-qchannel -I/projects/sciteam/bahg/Nek5000/core -I./ -I /projects/sciteam/bahg/Nek5000/core/experimental /projects/sciteam/bahg/Nek5000/core/cvode_driver.f -o obj/cvode_driver.o
ftn -c  -O2 -Mpreprocess -r8   -DMPI -DUNDERSCORE -DGLOBAL_LONG_LONG -DTIMER -I/projects/sciteam/bahg/Nek5000/run/bw-qchannel -I/projects/sciteam/bahg/Nek5000/core -I./ -I /projects/sciteam/bahg/Nek5000/core/experimental /projects/sciteam/bahg/Nek5000/core/multimesh.f -o obj/multimesh.o
ftn -c  -O2 -Mpreprocess -r8   -DMPI -DUNDERSCORE -DGLOBAL_LONG_LONG -DTIMER -I/projects/sciteam/bahg/Nek5000/run/bw-qchannel -I/projects/sciteam/bahg/Nek5000/core -I./ -I /projects/sciteam/bahg/Nek5000/core/experimental /projects/sciteam/bahg/Nek5000/core/vprops.f -o obj/vprops.o
PGF90-W-0155-The type of FLOAT is now double precision with -r8  (/projects/sciteam/bahg/Nek5000/core/cvode_driver.f: 599)
  0 inform,   1 warnings,   0 severes, 0 fatal for cv_pstat
ftn -c  -O2 -Mpreprocess -r8   -DMPI -DUNDERSCORE -DGLOBAL_LONG_LONG -DTIMER -I/projects/sciteam/bahg/Nek5000/run/bw-qchannel -I/projects/sciteam/bahg/Nek5000/core -I./ -I /projects/sciteam/bahg/Nek5000/core/experimental /projects/sciteam/bahg/Nek5000/core/makeq_aux.f -o obj/makeq_aux.o
ftn -c  -O2 -Mpreprocess -r8   -DMPI -DUNDERSCORE -DGLOBAL_LONG_LONG -DTIMER -I/projects/sciteam/bahg/Nek5000/run/bw-qchannel -I/projects/sciteam/bahg/Nek5000/core -I./ -I /projects/sciteam/bahg/Nek5000/core/experimental /projects/sciteam/bahg/Nek5000/core/papi.f -o obj/papi.o
ftn -c   -O2 -Mpreprocess -r8   -DMPI -DUNDERSCORE -DGLOBAL_LONG_LONG -DTIMER -I/projects/sciteam/bahg/Nek5000/run/bw-qchannel -I/projects/sciteam/bahg/Nek5000/core -I./ -I /projects/sciteam/bahg/Nek5000/core/experimental /projects/sciteam/bahg/Nek5000/core/3rd_party/nek_in_situ.f -o obj/nek_in_situ.o
ftn -c  -O2 -Mpreprocess -r8   -DMPI -DUNDERSCORE -DGLOBAL_LONG_LONG -DTIMER -I/projects/sciteam/bahg/Nek5000/run/bw-qchannel -I/projects/sciteam/bahg/Nek5000/core -I./ -I /projects/sciteam/bahg/Nek5000/core/experimental /projects/sciteam/bahg/Nek5000/core/reader_rea.f -o obj/reader_rea.o
ftn -c  -O2 -Mpreprocess -r8   -DMPI -DUNDERSCORE -DGLOBAL_LONG_LONG -DTIMER -I/projects/sciteam/bahg/Nek5000/run/bw-qchannel -I/projects/sciteam/bahg/Nek5000/core -I./ -I /projects/sciteam/bahg/Nek5000/core/experimental /projects/sciteam/bahg/Nek5000/core/reader_par.f -o obj/reader_par.o
ftn -c  -O2 -Mpreprocess -r8   -DMPI -DUNDERSCORE -DGLOBAL_LONG_LONG -DTIMER -I/projects/sciteam/bahg/Nek5000/run/bw-qchannel -I/projects/sciteam/bahg/Nek5000/core -I./ -I /projects/sciteam/bahg/Nek5000/core/experimental /projects/sciteam/bahg/Nek5000/core/reader_re2.f -o obj/reader_re2.o
cc  -c  -O2  -DMPI -DUNDERSCORE -DGLOBAL_LONG_LONG -DTIMER -I/projects/sciteam/bahg/Nek5000/core -I./ -I /projects/sciteam/bahg/Nek5000/core/experimental  /projects/sciteam/bahg/Nek5000/core/3rd_party/finiparser.c -o obj/finiparser.o
cc  -c  -O2  -DMPI -DUNDERSCORE -DGLOBAL_LONG_LONG -DTIMER -I/projects/sciteam/bahg/Nek5000/core -I./ -I /projects/sciteam/bahg/Nek5000/core/experimental  /projects/sciteam/bahg/Nek5000/core/3rd_party/iniparser.c -o obj/iniparser.o
cc  -c  -O2  -DMPI -DUNDERSCORE -DGLOBAL_LONG_LONG -DTIMER -I/projects/sciteam/bahg/Nek5000/core -I./ -I /projects/sciteam/bahg/Nek5000/core/experimental  /projects/sciteam/bahg/Nek5000/core/3rd_party/dictionary.c -o obj/dictionary.o
ftn -c  -O2 -Mpreprocess -r8   -DMPI -DUNDERSCORE -DGLOBAL_LONG_LONG -DTIMER -I/projects/sciteam/bahg/Nek5000/run/bw-qchannel -I/projects/sciteam/bahg/Nek5000/core -I./ -I /projects/sciteam/bahg/Nek5000/core/experimental /projects/sciteam/bahg/Nek5000/core/hpf.f -o obj/hpf.o
cc -c  -O2  -DMPI -DUNDERSCORE -DGLOBAL_LONG_LONG -DTIMER -I/projects/sciteam/bahg/Nek5000/core -I./ -I /projects/sciteam/bahg/Nek5000/core/experimental -I/projects/sciteam/bahg/Nek5000/3rd_party/gslib/include  /projects/sciteam/bahg/Nek5000/core/fcrs.c -o obj/fcrs.o
cc -c  -O2  -DMPI -DUNDERSCORE -DGLOBAL_LONG_LONG -DTIMER -I/projects/sciteam/bahg/Nek5000/core -I./ -I /projects/sciteam/bahg/Nek5000/core/experimental -I/projects/sciteam/bahg/Nek5000/3rd_party/gslib/include /projects/sciteam/bahg/Nek5000/core/crs_xxt.c -o obj/crs_xxt.o
cc -c  -O2  -DMPI -DUNDERSCORE -DGLOBAL_LONG_LONG -DTIMER -I/projects/sciteam/bahg/Nek5000/core -I./ -I /projects/sciteam/bahg/Nek5000/core/experimental -I/projects/sciteam/bahg/Nek5000/3rd_party/gslib/include /projects/sciteam/bahg/Nek5000/core/crs_amg.c -o obj/crs_amg.o
cc -c  -O2  -DMPI -DUNDERSCORE -DGLOBAL_LONG_LONG -DTIMER -I/projects/sciteam/bahg/Nek5000/core -I./ -I /projects/sciteam/bahg/Nek5000/core/experimental -I/projects/sciteam/bahg/Nek5000/3rd_party/gslib/include  /projects/sciteam/bahg/Nek5000/core/experimental/fem_amg_preco.c -o obj/fem_amg_preco.o
cc -c  -O2  -DMPI -DUNDERSCORE -DGLOBAL_LONG_LONG -DTIMER -I/projects/sciteam/bahg/Nek5000/core -I./ -I /projects/sciteam/bahg/Nek5000/core/experimental -I/projects/sciteam/bahg/Nek5000/3rd_party/gslib/include  /projects/sciteam/bahg/Nek5000/core/experimental/crs_hypre.c -o obj/crs_hypre.o
cc -c  -O2  -DMPI -DUNDERSCORE -DGLOBAL_LONG_LONG -DTIMER -I/projects/sciteam/bahg/Nek5000/core -I./ -I /projects/sciteam/bahg/Nek5000/core/experimental -I/projects/sciteam/bahg/Nek5000/3rd_party/gslib/include  /projects/sciteam/bahg/Nek5000/core/partitioner.c -o obj/partitioner.o
ftn -c  -O3 -Mpreprocess -r8   -DMPI -DUNDERSCORE -DGLOBAL_LONG_LONG -DTIMER -I/projects/sciteam/bahg/Nek5000/run/bw-qchannel -I/projects/sciteam/bahg/Nek5000/core -I./ -I /projects/sciteam/bahg/Nek5000/core/experimental /projects/sciteam/bahg/Nek5000/core/mxm_std.f -o obj/mxm_std.o
ftn -c  -O2 -Mpreprocess -r8   -DMPI -DUNDERSCORE -DGLOBAL_LONG_LONG -DTIMER -I/projects/sciteam/bahg/Nek5000/run/bw-qchannel -I/projects/sciteam/bahg/Nek5000/core -I./ -I /projects/sciteam/bahg/Nek5000/core/experimental /projects/sciteam/bahg/Nek5000/core/comm_mpi.f -o obj/comm_mpi.o
`quarter-channel.usr' -> `quarter-channel.f'
ftn  -O2 -Mpreprocess -r8   -DMPI -DUNDERSCORE -DGLOBAL_LONG_LONG -DTIMER -I/projects/sciteam/bahg/Nek5000/run/bw-qchannel -I/projects/sciteam/bahg/Nek5000/core -I./ -I /projects/sciteam/bahg/Nek5000/core/experimental  -c /projects/sciteam/bahg/Nek5000/run/bw-qchannel/quarter-channel.f
building libnek5000.a ... done
ftn  -O2 -Mpreprocess -r8   -DMPI -DUNDERSCORE -DGLOBAL_LONG_LONG -DTIMER -I/projects/sciteam/bahg/Nek5000/run/bw-qchannel -I/projects/sciteam/bahg/Nek5000/core -I./ -I /projects/sciteam/bahg/Nek5000/core/experimental -o nek5000 /projects/sciteam/bahg/Nek5000/core/drive.f /projects/sciteam/bahg/Nek5000/run/bw-qchannel/quarter-channel.o libnek5000.a -L/projects/sciteam/bahg/Nek5000/3rd_party/blasLapack -lblasLapack -L/projects/sciteam/bahg/Nek5000/3rd_party/gslib/lib -lgs -Wl,--allow-multiple-definition
/projects/sciteam/bahg/Nek5000/core/drive.f:


#############################################################
#                  Compilation successful!                  #
#############################################################
   text	   data	    bss	    dec	    hex	filename
8504749	 331984	264369096	273205829	1048ca45	nek5000

